0 info it worked if it ends with ok
1 verbose cli [ 'node', '/usr/local/bin/npm', 'install', 'socket.io', '-g' ]
2 info using npm@1.4.28
3 info using node@v0.10.32
4 verbose cache add [ 'socket.io', null ]
5 verbose cache add name=undefined spec="socket.io" args=["socket.io",null]
6 verbose parsed url { protocol: null,
6 verbose parsed url   slashes: null,
6 verbose parsed url   auth: null,
6 verbose parsed url   host: null,
6 verbose parsed url   port: null,
6 verbose parsed url   hostname: null,
6 verbose parsed url   hash: null,
6 verbose parsed url   search: null,
6 verbose parsed url   query: null,
6 verbose parsed url   pathname: 'socket.io',
6 verbose parsed url   path: 'socket.io',
6 verbose parsed url   href: 'socket.io' }
7 silly lockFile 71475bfd-socket-io socket.io
8 verbose lock socket.io /Users/asif/.npm/71475bfd-socket-io.lock
9 silly lockFile 71475bfd-socket-io socket.io
10 silly lockFile 71475bfd-socket-io socket.io
11 verbose addNamed [ 'socket.io', '' ]
12 verbose addNamed [ null, '*' ]
13 silly lockFile c03de861-socket-io socket.io@
14 verbose lock socket.io@ /Users/asif/.npm/c03de861-socket-io.lock
15 silly addNameRange { name: 'socket.io', range: '*', hasData: false }
16 verbose request where is /socket.io
17 verbose request registry https://registry.npmjs.org/
18 verbose request id 4244ee388577ee89
19 verbose url raw /socket.io
20 verbose url resolving [ 'https://registry.npmjs.org/', './socket.io' ]
21 verbose url resolved https://registry.npmjs.org/socket.io
22 verbose request where is https://registry.npmjs.org/socket.io
23 info trying registry request attempt 1 at 15:50:11
24 verbose etag "DZA10J4SR30FUA2TZ1HZY33JC"
25 http GET https://registry.npmjs.org/socket.io
26 http 304 https://registry.npmjs.org/socket.io
27 silly registry.get cb [ 304,
27 silly registry.get   { date: 'Mon, 23 Nov 2015 11:39:34 GMT',
27 silly registry.get     via: '1.1 varnish',
27 silly registry.get     'cache-control': 'max-age=60',
27 silly registry.get     etag: '"DZA10J4SR30FUA2TZ1HZY33JC"',
27 silly registry.get     age: '0',
27 silly registry.get     connection: 'keep-alive',
27 silly registry.get     'x-served-by': 'cache-lhr6334-LHR',
27 silly registry.get     'x-cache': 'HIT',
27 silly registry.get     'x-cache-hits': '1',
27 silly registry.get     'x-timer': 'S1448278774.289262,VS0,VE158',
27 silly registry.get     vary: 'Accept' } ]
28 verbose etag https://registry.npmjs.org/socket.io from cache
29 silly addNameRange number 2 { name: 'socket.io', range: '*', hasData: true }
30 silly addNameRange versions [ 'socket.io',
30 silly addNameRange   [ '0.3.8',
30 silly addNameRange     '0.4.0',
30 silly addNameRange     '0.4.1',
30 silly addNameRange     '0.5.1',
30 silly addNameRange     '0.5.3',
30 silly addNameRange     '0.6.0',
30 silly addNameRange     '0.6.1',
30 silly addNameRange     '0.6.3',
30 silly addNameRange     '0.6.4',
30 silly addNameRange     '0.6.5',
30 silly addNameRange     '0.6.6',
30 silly addNameRange     '0.6.7',
30 silly addNameRange     '0.6.8',
30 silly addNameRange     '0.6.9',
30 silly addNameRange     '0.6.10',
30 silly addNameRange     '0.6.11',
30 silly addNameRange     '0.6.12',
30 silly addNameRange     '0.6.14',
30 silly addNameRange     '0.6.15',
30 silly addNameRange     '0.6.16',
30 silly addNameRange     '0.6.17',
30 silly addNameRange     '0.6.18',
30 silly addNameRange     '0.7.0',
30 silly addNameRange     '0.7.1',
30 silly addNameRange     '0.7.2',
30 silly addNameRange     '0.7.3',
30 silly addNameRange     '0.7.4',
30 silly addNameRange     '0.7.5',
30 silly addNameRange     '0.7.6',
30 silly addNameRange     '0.7.7',
30 silly addNameRange     '0.7.8',
30 silly addNameRange     '0.7.9',
30 silly addNameRange     '0.7.10',
30 silly addNameRange     '0.7.11',
30 silly addNameRange     '0.8.0',
30 silly addNameRange     '0.8.1',
30 silly addNameRange     '0.8.2',
30 silly addNameRange     '0.8.3',
30 silly addNameRange     '0.8.4',
30 silly addNameRange     '0.8.5',
30 silly addNameRange     '0.8.6',
30 silly addNameRange     '0.8.7',
30 silly addNameRange     '0.9.0',
30 silly addNameRange     '0.9.1',
30 silly addNameRange     '0.9.1-1',
30 silly addNameRange     '0.9.2',
30 silly addNameRange     '0.9.3',
30 silly addNameRange     '0.9.4',
30 silly addNameRange     '0.9.5',
30 silly addNameRange     '0.9.6',
30 silly addNameRange     '0.9.7',
30 silly addNameRange     '0.9.8',
30 silly addNameRange     '0.9.9',
30 silly addNameRange     '0.9.10',
30 silly addNameRange     '0.9.11',
30 silly addNameRange     '0.9.12',
30 silly addNameRange     '0.9.13',
30 silly addNameRange     '0.9.14',
30 silly addNameRange     '0.9.15',
30 silly addNameRange     '0.9.16',
30 silly addNameRange     '1.0.0-pre',
30 silly addNameRange     '1.0.0-pre2',
30 silly addNameRange     '1.0.0-pre3',
30 silly addNameRange     '1.0.0-pre4',
30 silly addNameRange     '1.0.0-pre5',
30 silly addNameRange     '0.9.17',
30 silly addNameRange     '1.0.0',
30 silly addNameRange     '1.0.1',
30 silly addNameRange     '1.0.2',
30 silly addNameRange     '1.0.3',
30 silly addNameRange     '1.0.4',
30 silly addNameRange     '1.0.5',
30 silly addNameRange     '1.0.6',
30 silly addNameRange     '1.1.0',
30 silly addNameRange     '1.2.0',
30 silly addNameRange     '1.2.1',
30 silly addNameRange     '1.3.0',
30 silly addNameRange     '1.3.1',
30 silly addNameRange     '1.3.2',
30 silly addNameRange     '1.3.3',
30 silly addNameRange     '1.3.4',
30 silly addNameRange     '1.3.5',
30 silly addNameRange     '1.3.6',
30 silly addNameRange     '1.3.7' ] ]
31 verbose addNamed [ 'socket.io', '1.3.7' ]
32 verbose addNamed [ '1.3.7', '1.3.7' ]
33 silly lockFile 7ac77301-socket-io-1-3-7 socket.io@1.3.7
34 verbose lock socket.io@1.3.7 /Users/asif/.npm/7ac77301-socket-io-1-3-7.lock
35 silly lockFile 7ac77301-socket-io-1-3-7 socket.io@1.3.7
36 silly lockFile 7ac77301-socket-io-1-3-7 socket.io@1.3.7
37 silly lockFile c03de861-socket-io socket.io@
38 silly lockFile c03de861-socket-io socket.io@
39 silly resolved [ { name: 'socket.io',
39 silly resolved     version: '1.3.7',
39 silly resolved     description: 'node.js realtime framework server',
39 silly resolved     keywords:
39 silly resolved      [ 'realtime',
39 silly resolved        'framework',
39 silly resolved        'websocket',
39 silly resolved        'tcp',
39 silly resolved        'events',
39 silly resolved        'socket',
39 silly resolved        'io' ],
39 silly resolved     repository:
39 silly resolved      { type: 'git',
39 silly resolved        url: 'git://github.com/Automattic/socket.io.git' },
39 silly resolved     scripts: { test: 'mocha --reporter dot --slow 200ms --bail' },
39 silly resolved     dependencies:
39 silly resolved      { 'engine.io': '1.5.4',
39 silly resolved        'socket.io-parser': '2.2.4',
39 silly resolved        'socket.io-client': '1.3.7',
39 silly resolved        'socket.io-adapter': '0.3.1',
39 silly resolved        'has-binary-data': '0.1.3',
39 silly resolved        debug: '2.1.0' },
39 silly resolved     devDependencies:
39 silly resolved      { mocha: '1.16.2',
39 silly resolved        'expect.js': '0.3.1',
39 silly resolved        supertest: '0.8.2',
39 silly resolved        superagent: '0.17.0',
39 silly resolved        istanbul: '0.2.3' },
39 silly resolved     contributors: [ [Object], [Object], [Object], [Object] ],
39 silly resolved     gitHead: 'e2ebd4349bf27c3839fc9a2700b42cf8390ac3bd',
39 silly resolved     bugs: { url: 'https://github.com/Automattic/socket.io/issues' },
39 silly resolved     homepage: 'https://github.com/Automattic/socket.io#readme',
39 silly resolved     _id: 'socket.io@1.3.7',
39 silly resolved     _shasum: '93747a29bcab6266f0fbe19112cca5e1388cf7ad',
39 silly resolved     _from: 'socket.io@',
39 silly resolved     _npmVersion: '2.14.2',
39 silly resolved     _nodeVersion: '4.0.0',
39 silly resolved     _npmUser: { name: 'rauchg', email: 'rauchg@gmail.com' },
39 silly resolved     maintainers: [ [Object] ],
39 silly resolved     dist:
39 silly resolved      { shasum: '93747a29bcab6266f0fbe19112cca5e1388cf7ad',
39 silly resolved        tarball: 'http://registry.npmjs.org/socket.io/-/socket.io-1.3.7.tgz' },
39 silly resolved     directories: {},
39 silly resolved     _resolved: 'https://registry.npmjs.org/socket.io/-/socket.io-1.3.7.tgz',
39 silly resolved     readme: 'ERROR: No README data found!' } ]
40 info install socket.io@1.3.7 into /usr/local/lib
41 info installOne socket.io@1.3.7
42 verbose lib/node_modules/socket.io unbuild
43 verbose tar unpack /Users/asif/.npm/socket.io/1.3.7/package.tgz
44 silly lockFile 33051dcf-local-lib-node-modules-socket-io tar:///usr/local/lib/node_modules/socket.io
45 verbose lock tar:///usr/local/lib/node_modules/socket.io /Users/asif/.npm/33051dcf-local-lib-node-modules-socket-io.lock
46 silly lockFile c3158a53--npm-socket-io-1-3-7-package-tgz tar:///Users/asif/.npm/socket.io/1.3.7/package.tgz
47 verbose lock tar:///Users/asif/.npm/socket.io/1.3.7/package.tgz /Users/asif/.npm/c3158a53--npm-socket-io-1-3-7-package-tgz.lock
48 silly gunzTarPerm modes [ '755', '644' ]
49 error Error: EACCES, mkdir '/usr/local/lib/node_modules/socket.io'
49 error  { [Error: EACCES, mkdir '/usr/local/lib/node_modules/socket.io']
49 error   errno: 3,
49 error   code: 'EACCES',
49 error   path: '/usr/local/lib/node_modules/socket.io',
49 error   fstream_type: 'Directory',
49 error   fstream_path: '/usr/local/lib/node_modules/socket.io',
49 error   fstream_class: 'DirWriter',
49 error   fstream_stack:
49 error    [ '/usr/local/lib/node_modules/npm/node_modules/fstream/lib/dir-writer.js:36:23',
49 error      '/usr/local/lib/node_modules/npm/node_modules/mkdirp/index.js:46:53',
49 error      'Object.oncomplete (fs.js:107:15)' ] }
50 error Please try running this command again as root/Administrator.
51 error System Darwin 15.0.0
52 error command "node" "/usr/local/bin/npm" "install" "socket.io" "-g"
53 error cwd /Projects - Nexa/qasimi/Frontend/Markup
54 error node -v v0.10.32
55 error npm -v 1.4.28
56 error path /usr/local/lib/node_modules/socket.io
57 error fstream_path /usr/local/lib/node_modules/socket.io
58 error fstream_type Directory
59 error fstream_class DirWriter
60 error code EACCES
61 error errno 3
62 error stack Error: EACCES, mkdir '/usr/local/lib/node_modules/socket.io'
63 error fstream_stack /usr/local/lib/node_modules/npm/node_modules/fstream/lib/dir-writer.js:36:23
63 error fstream_stack /usr/local/lib/node_modules/npm/node_modules/mkdirp/index.js:46:53
63 error fstream_stack Object.oncomplete (fs.js:107:15)
64 verbose exit [ 3, true ]
